2021-08-27 02:32:13,152 [INFO] django.utils.autoreload: Watching for file changes with StatReloader
2021-08-27 02:32:14,945 [WARNING] django.request: Not Found: /static/main/css/bootstrap.css
2021-08-27 02:32:14,946 [WARNING] django.request: Not Found: /static/main/css/font-awesome.min.css
2021-08-27 02:32:14,953 [WARNING] django.request: Not Found: /static/main/css/prism-okaidia.css
2021-08-27 02:32:14,955 [WARNING] django.request: Not Found: /static/main/js/prism.js
2021-08-27 02:32:14,957 [WARNING] django.request: Not Found: /static/main/js/custom.js
2021-08-27 02:32:14,960 [WARNING] django.request: Not Found: /static/main/css/custom.min.css
2021-08-27 02:32:14,965 [WARNING] django.request: Not Found: /static/main/js/jquery.min.js
2021-08-27 02:32:14,966 [WARNING] django.request: Not Found: /static/main/img/swucream.png
2021-08-27 02:32:14,968 [WARNING] django.request: Not Found: /static/main/img/swucream_prob2.png
2021-08-27 02:32:14,970 [WARNING] django.request: Not Found: /static/main/js/bootstrap.bundle.min.js
2021-08-27 02:32:14,975 [WARNING] django.request: Not Found: /static/main/img/swucream_ad.png
2021-08-27 02:32:14,977 [WARNING] django.request: Not Found: /static/main/img/sgd.png
2021-08-27 02:32:14,985 [WARNING] django.request: Not Found: /static/main/img/mois_logo.png
2021-08-27 02:32:14,990 [WARNING] django.request: Not Found: /static/main/img/kisa_logo.png
2021-08-27 02:32:14,994 [WARNING] django.request: Not Found: /static/main/img/kiisc_logo.png
2021-08-27 02:32:15,047 [WARNING] django.request: Not Found: /static/main/js/jquery.min.js
2021-08-27 02:32:15,051 [WARNING] django.request: Not Found: /static/main/js/bootstrap.bundle.min.js
2021-08-27 02:32:15,055 [WARNING] django.request: Not Found: /static/main/js/prism.js
2021-08-27 02:32:15,062 [WARNING] django.request: Not Found: /static/main/js/custom.js
2021-08-27 02:32:15,069 [WARNING] django.request: Not Found: /favicon.ico
2021-08-27 02:32:25,295 [INFO] django.utils.autoreload: Watching for file changes with StatReloader
2021-08-27 02:32:26,688 [WARNING] django.request: Not Found: /static/main/css/font-awesome.min.css
2021-08-27 02:32:26,689 [WARNING] django.request: Not Found: /static/main/css/bootstrap.css
2021-08-27 02:32:26,691 [WARNING] django.request: Not Found: /static/main/css/prism-okaidia.css
2021-08-27 02:32:26,695 [WARNING] django.request: Not Found: /static/main/css/custom.min.css
2021-08-27 02:32:26,698 [WARNING] django.request: Not Found: /static/main/js/custom.js
2021-08-27 02:32:26,714 [WARNING] django.request: Not Found: /static/main/js/prism.js
2021-08-27 02:32:26,721 [WARNING] django.request: Not Found: /static/main/js/jquery.min.js
2021-08-27 02:32:26,723 [WARNING] django.request: Not Found: /static/main/js/bootstrap.bundle.min.js
2021-08-27 02:32:26,724 [WARNING] django.request: Not Found: /static/main/img/swucream_prob2.png
2021-08-27 02:32:26,726 [WARNING] django.request: Not Found: /static/main/img/swucream.png
2021-08-27 02:32:26,728 [WARNING] django.request: Not Found: /static/main/img/swucream_ad.png
2021-08-27 02:32:26,732 [WARNING] django.request: Not Found: /static/main/img/sgd.png
2021-08-27 02:32:26,741 [WARNING] django.request: Not Found: /static/main/img/mois_logo.png
2021-08-27 02:32:26,743 [WARNING] django.request: Not Found: /static/main/img/kisa_logo.png
2021-08-27 02:32:26,747 [WARNING] django.request: Not Found: /static/main/img/kiisc_logo.png
2021-08-27 02:32:26,773 [WARNING] django.request: Not Found: /static/main/js/jquery.min.js
2021-08-27 02:32:26,777 [WARNING] django.request: Not Found: /static/main/js/bootstrap.bundle.min.js
2021-08-27 02:32:26,783 [WARNING] django.request: Not Found: /static/main/js/prism.js
2021-08-27 02:32:26,787 [WARNING] django.request: Not Found: /static/main/js/custom.js
2021-08-27 02:32:26,800 [WARNING] django.request: Not Found: /favicon.ico
